# JRE version: Java(TM) SE Runtime Environment (22.0.2+9) (build 22.0.2+9-70)
# Java VM: Java HotSpot(TM) 64-Bit Server VM (22.0.2+9-70, mixed mode, emulated-client, sharing, tiered, compressed oops, compressed class ptrs, g1 gc, windows-amd64)
GC Precious Log:
 CardTable entry size: 512
 Card Set container configuration: InlinePtr #cards 5 size 8 Array Of Cards #cards 12 size 40 Howl #buckets 4 coarsen threshold 1843 Howl Bitmap #cards 512 size 80 coarsen threshold 460 Card regions per heap region 1 cards per card region 2048
 CPUs: 12 total, 12 available
 Memory: 7514M
 Large Page Support: Disabled
 NUMA Support: Disabled
 Compressed Oops: Enabled (32-bit)
 Heap Region Size: 1M
 Heap Min Capacity: 8M
 Heap Initial Capacity: 118M
 Heap Max Capacity: 1880M
 Pre-touch: Disabled
 Parallel Workers: 10
 Concurrent Workers: 3
 Concurrent Refinement Workers: 10
 Periodic GC: Disabled
Heap:
 garbage-first heap   total reserved 1925120K, committed 58368K, used 29284K [0x000000008a800000, 0x0000000100000000)
  region size 1024K, 2 young (2048K), 2 survivors (2048K)
 Metaspace       used 37749K, committed 38336K, reserved 1114112K
  class space    used 5374K, committed 5632K, reserved 1048576K
GC Heap History (19 events):
Event: 1.732 GC heap before
{Heap before GC invocations=0 (full 0):
 garbage-first heap   total reserved 1925120K, committed 120832K, used 25600K [0x000000008a800000, 0x0000000100000000)
  region size 1024K, 24 young (24576K), 0 survivors (0K)
 Metaspace       used 5962K, committed 6208K, reserved 1114112K
  class space    used 723K, committed 832K, reserved 1048576K
}
Event: 1.746 GC heap after
{Heap after GC invocations=1 (full 0):
 garbage-first heap   total reserved 1925120K, committed 120832K, used 11424K [0x000000008a800000, 0x0000000100000000)
  region size 1024K, 3 young (3072K), 3 survivors (3072K)
 Metaspace       used 5962K, committed 6208K, reserved 1114112K
  class space    used 723K, committed 832K, reserved 1048576K
}
Event: 2.938 GC heap before
{Heap before GC invocations=1 (full 0):
 garbage-first heap   total reserved 1925120K, committed 120832K, used 38048K [0x000000008a800000, 0x0000000100000000)
  region size 1024K, 29 young (29696K), 3 survivors (3072K)
 Metaspace       used 11096K, committed 11456K, reserved 1114112K
  class space    used 1485K, committed 1664K, reserved 1048576K
}
Event: 2.945 GC heap after
{Heap after GC invocations=2 (full 0):
 garbage-first heap   total reserved 1925120K, committed 120832K, used 13226K [0x000000008a800000, 0x0000000100000000)
  region size 1024K, 2 young (2048K), 2 survivors (2048K)
 Metaspace       used 11096K, committed 11456K, reserved 1114112K
  class space    used 1485K, committed 1664K, reserved 1048576K
}
Event: 4.013 GC heap before
{Heap before GC invocations=2 (full 0):
 garbage-first heap   total reserved 1925120K, committed 120832K, used 60330K [0x000000008a800000, 0x0000000100000000)
  region size 1024K, 50 young (51200K), 2 survivors (2048K)
 Metaspace       used 20576K, committed 20928K, reserved 1114112K
  class space    used 2865K, committed 3008K, reserved 1048576K
}
Event: 4.022 GC heap after
{Heap after GC invocations=3 (full 0):
 garbage-first heap   total reserved 1925120K, committed 120832K, used 16539K [0x000000008a800000, 0x0000000100000000)
  region size 1024K, 5 young (5120K), 5 survivors (5120K)
 Metaspace       used 20576K, committed 20928K, reserved 1114112K
  class space    used 2865K, committed 3008K, reserved 1048576K
}
Event: 4.620 GC heap before
{Heap before GC invocations=4 (full 0):
 garbage-first heap   total reserved 1925120K, committed 58368K, used 45211K [0x000000008a800000, 0x0000000100000000)
  region size 1024K, 34 young (34816K), 5 survivors (5120K)
 Metaspace       used 24838K, committed 25280K, reserved 1114112K
  class space    used 3450K, committed 3648K, reserved 1048576K
}
Event: 4.630 GC heap after
{Heap after GC invocations=5 (full 0):
 garbage-first heap   total reserved 1925120K, committed 58368K, used 20199K [0x000000008a800000, 0x0000000100000000)
  region size 1024K, 4 young (4096K), 4 survivors (4096K)
 Metaspace       used 24838K, committed 25280K, reserved 1114112K
  class space    used 3450K, committed 3648K, reserved 1048576K
}
Event: 5.273 GC heap before
{Heap before GC invocations=5 (full 0):
 garbage-first heap   total reserved 1925120K, committed 58368K, used 43751K [0x000000008a800000, 0x0000000100000000)
  region size 1024K, 27 young (27648K), 4 survivors (4096K)
 Metaspace       used 25788K, committed 26240K, reserved 1114112K
  class space    used 3601K, committed 3776K, reserved 1048576K
}
Event: 5.279 GC heap after
{Heap after GC invocations=6 (full 0):
 garbage-first heap   total reserved 1925120K, committed 58368K, used 21850K [0x000000008a800000, 0x0000000100000000)
  region size 1024K, 2 young (2048K), 2 survivors (2048K)
 Metaspace       used 25788K, committed 26240K, reserved 1114112K
  class space    used 3601K, committed 3776K, reserved 1048576K
}
Event: 6.234 GC heap before
{Heap before GC invocations=6 (full 0):
 garbage-first heap   total reserved 1925120K, committed 58368K, used 44378K [0x000000008a800000, 0x0000000100000000)
  region size 1024K, 25 young (25600K), 2 survivors (2048K)
 Metaspace       used 28145K, committed 28608K, reserved 1114112K
  class space    used 3973K, committed 4160K, reserved 1048576K
}
Event: 6.239 GC heap after
{Heap after GC invocations=7 (full 0):
 garbage-first heap   total reserved 1925120K, committed 58368K, used 23441K [0x000000008a800000, 0x0000000100000000)
  region size 1024K, 4 young (4096K), 4 survivors (4096K)
 Metaspace       used 28145K, committed 28608K, reserved 1114112K
  class space    used 3973K, committed 4160K, reserved 1048576K
}
Event: 7.400 GC heap before
{Heap before GC invocations=7 (full 0):
 garbage-first heap   total reserved 1925120K, committed 58368K, used 46993K [0x000000008a800000, 0x0000000100000000)
  region size 1024K, 27 young (27648K), 4 survivors (4096K)
 Metaspace       used 30627K, committed 31168K, reserved 1114112K
  class space    used 4358K, committed 4544K, reserved 1048576K
}
Event: 7.407 GC heap after
{Heap after GC invocations=8 (full 0):
 garbage-first heap   total reserved 1925120K, committed 58368K, used 25202K [0x000000008a800000, 0x0000000100000000)
  region size 1024K, 4 young (4096K), 4 survivors (4096K)
 Metaspace       used 30627K, committed 31168K, reserved 1114112K
  class space    used 4358K, committed 4544K, reserved 1048576K
}
Event: 8.886 GC heap before
{Heap before GC invocations=8 (full 0):
 garbage-first heap   total reserved 1925120K, committed 58368K, used 42610K [0x000000008a800000, 0x0000000100000000)
  region size 1024K, 22 young (22528K), 4 survivors (4096K)
 Metaspace       used 34320K, committed 34880K, reserved 1114112K
  class space    used 4861K, committed 5120K, reserved 1048576K
}
Event: 8.894 GC heap after
{Heap after GC invocations=9 (full 0):
 garbage-first heap   total reserved 1925120K, committed 58368K, used 26449K [0x000000008a800000, 0x0000000100000000)
  region size 1024K, 4 young (4096K), 4 survivors (4096K)
 Metaspace       used 34320K, committed 34880K, reserved 1114112K
  class space    used 4861K, committed 5120K, reserved 1048576K
}
Event: 9.751 GC heap before
{Heap before GC invocations=10 (full 0):
 garbage-first heap   total reserved 1925120K, committed 58368K, used 48977K [0x000000008a800000, 0x0000000100000000)
  region size 1024K, 26 young (26624K), 4 survivors (4096K)
 Metaspace       used 36469K, committed 37120K, reserved 1114112K
  class space    used 5172K, committed 5440K, reserved 1048576K
}
Event: 9.760 GC heap after
{Heap after GC invocations=11 (full 0):
 garbage-first heap   total reserved 1925120K, committed 58368K, used 28514K [0x000000008a800000, 0x0000000100000000)
  region size 1024K, 4 young (4096K), 4 survivors (4096K)
 Metaspace       used 36469K, committed 37120K, reserved 1114112K
  class space    used 5172K, committed 5440K, reserved 1048576K
}
Event: 11.714 GC heap before
{Heap before GC invocations=11 (full 0):
 garbage-first heap   total reserved 1925120K, committed 58368K, used 47970K [0x000000008a800000, 0x0000000100000000)
  region size 1024K, 24 young (24576K), 4 survivors (4096K)
 Metaspace       used 37749K, committed 38336K, reserved 1114112K
  class space    used 5374K, committed 5632K, reserved 1048576K
}

